<?xml version="1.0" encoding="UTF-8"?>
<testsuite xmlns:xsi="http://www.w3.org/2001/XMLSchema-instance" xsi:noNamespaceSchemaLocation="https://maven.apache.org/surefire/maven-surefire-plugin/xsd/surefire-test-report-3.0.xsd" version="3.0" name="com.pymc.AppTest" time="0.079" tests="1" errors="0" skipped="0" failures="0">
  <properties>
    <property name="java.specification.version" value="23"/>
    <property name="sun.jnu.encoding" value="UTF-8"/>
    <property name="java.class.path" value="/Users/marklopezjr./Desktop/Projects/PYMCPlugin/target/test-classes:/Users/marklopezjr./Desktop/Projects/PYMCPlugin/target/classes:/Users/marklopezjr./.m2/repository/junit/junit/4.12/junit-4.12.jar:/Users/marklopezjr./.m2/repository/org/hamcrest/hamcrest-core/1.3/hamcrest-core-1.3.jar:/Users/marklopezjr./.m2/repository/org/spigotmc/spigot-api/1.21.1-R0.1-SNAPSHOT/spigot-api-1.21.1-R0.1-SNAPSHOT.jar:/Users/marklopezjr./.m2/repository/com/google/guava/guava/32.1.2-jre/guava-32.1.2-jre.jar:/Users/marklopezjr./.m2/repository/com/google/guava/failureaccess/1.0.1/failureaccess-1.0.1.jar:/Users/marklopezjr./.m2/repository/com/google/guava/listenablefuture/9999.0-empty-to-avoid-conflict-with-guava/listenablefuture-9999.0-empty-to-avoid-conflict-with-guava.jar:/Users/marklopezjr./.m2/repository/com/google/code/findbugs/jsr305/3.0.2/jsr305-3.0.2.jar:/Users/marklopezjr./.m2/repository/com/google/errorprone/error_prone_annotations/2.18.0/error_prone_annotations-2.18.0.jar:/Users/marklopezjr./.m2/repository/com/google/j2objc/j2objc-annotations/2.8/j2objc-annotations-2.8.jar:/Users/marklopezjr./.m2/repository/com/google/code/gson/gson/2.10.1/gson-2.10.1.jar:/Users/marklopezjr./.m2/repository/org/joml/joml/1.10.5/joml-1.10.5.jar:/Users/marklopezjr./.m2/repository/net/md-5/bungeecord-chat/1.20-R0.2/bungeecord-chat-1.20-R0.2.jar:/Users/marklopezjr./.m2/repository/org/yaml/snakeyaml/2.2/snakeyaml-2.2.jar:/Users/marklopezjr./.m2/repository/io/papermc/paper/paper-api/1.21.1-R0.1-SNAPSHOT/paper-api-1.21.1-R0.1-SNAPSHOT.jar:/Users/marklopezjr./.m2/repository/com/mojang/brigadier/1.2.9/brigadier-1.2.9.jar:/Users/marklopezjr./.m2/repository/com/googlecode/json-simple/json-simple/1.1.1/json-simple-1.1.1.jar:/Users/marklopezjr./.m2/repository/it/unimi/dsi/fastutil/8.5.6/fastutil-8.5.6.jar:/Users/marklopezjr./.m2/repository/org/apache/logging/log4j/log4j-api/2.17.1/log4j-api-2.17.1.jar:/Users/marklopezjr./.m2/repository/org/slf4j/slf4j-api/2.0.9/slf4j-api-2.0.9.jar:/Users/marklopezjr./.m2/repository/org/apache/maven/maven-resolver-provider/3.9.6/maven-resolver-provider-3.9.6.jar:/Users/marklopezjr./.m2/repository/org/apache/maven/maven-model/3.9.6/maven-model-3.9.6.jar:/Users/marklopezjr./.m2/repository/org/apache/maven/maven-model-builder/3.9.6/maven-model-builder-3.9.6.jar:/Users/marklopezjr./.m2/repository/org/codehaus/plexus/plexus-interpolation/1.26/plexus-interpolation-1.26.jar:/Users/marklopezjr./.m2/repository/org/apache/maven/maven-artifact/3.9.6/maven-artifact-3.9.6.jar:/Users/marklopezjr./.m2/repository/org/apache/commons/commons-lang3/3.12.0/commons-lang3-3.12.0.jar:/Users/marklopezjr./.m2/repository/org/apache/maven/maven-builder-support/3.9.6/maven-builder-support-3.9.6.jar:/Users/marklopezjr./.m2/repository/org/eclipse/sisu/org.eclipse.sisu.inject/0.9.0.M2/org.eclipse.sisu.inject-0.9.0.M2.jar:/Users/marklopezjr./.m2/repository/org/apache/maven/maven-repository-metadata/3.9.6/maven-repository-metadata-3.9.6.jar:/Users/marklopezjr./.m2/repository/org/apache/maven/resolver/maven-resolver-api/1.9.18/maven-resolver-api-1.9.18.jar:/Users/marklopezjr./.m2/repository/org/apache/maven/resolver/maven-resolver-spi/1.9.18/maven-resolver-spi-1.9.18.jar:/Users/marklopezjr./.m2/repository/org/apache/maven/resolver/maven-resolver-util/1.9.18/maven-resolver-util-1.9.18.jar:/Users/marklopezjr./.m2/repository/org/apache/maven/resolver/maven-resolver-impl/1.9.18/maven-resolver-impl-1.9.18.jar:/Users/marklopezjr./.m2/repository/org/apache/maven/resolver/maven-resolver-named-locks/1.9.18/maven-resolver-named-locks-1.9.18.jar:/Users/marklopezjr./.m2/repository/org/codehaus/plexus/plexus-utils/3.5.1/plexus-utils-3.5.1.jar:/Users/marklopezjr./.m2/repository/javax/inject/javax.inject/1/javax.inject-1.jar:/Users/marklopezjr./.m2/repository/org/jspecify/jspecify/1.0.0/jspecify-1.0.0.jar:/Users/marklopezjr./.m2/repository/net/kyori/adventure-api/4.17.0/adventure-api-4.17.0.jar:/Users/marklopezjr./.m2/repository/net/kyori/adventure-key/4.17.0/adventure-key-4.17.0.jar:/Users/marklopezjr./.m2/repository/net/kyori/examination-api/1.3.0/examination-api-1.3.0.jar:/Users/marklopezjr./.m2/repository/net/kyori/examination-string/1.3.0/examination-string-1.3.0.jar:/Users/marklopezjr./.m2/repository/org/jetbrains/annotations/24.1.0/annotations-24.1.0.jar:/Users/marklopezjr./.m2/repository/net/kyori/adventure-text-minimessage/4.17.0/adventure-text-minimessage-4.17.0.jar:/Users/marklopezjr./.m2/repository/net/kyori/adventure-text-serializer-gson/4.17.0/adventure-text-serializer-gson-4.17.0.jar:/Users/marklopezjr./.m2/repository/net/kyori/adventure-text-serializer-json/4.17.0/adventure-text-serializer-json-4.17.0.jar:/Users/marklopezjr./.m2/repository/net/kyori/option/1.0.0/option-1.0.0.jar:/Users/marklopezjr./.m2/repository/com/google/auto/service/auto-service-annotations/1.1.1/auto-service-annotations-1.1.1.jar:/Users/marklopezjr./.m2/repository/net/kyori/adventure-text-serializer-legacy/4.17.0/adventure-text-serializer-legacy-4.17.0.jar:/Users/marklopezjr./.m2/repository/net/kyori/adventure-text-serializer-plain/4.17.0/adventure-text-serializer-plain-4.17.0.jar:/Users/marklopezjr./.m2/repository/net/kyori/adventure-text-logger-slf4j/4.17.0/adventure-text-logger-slf4j-4.17.0.jar:/Users/marklopezjr./.m2/repository/org/checkerframework/checker-qual/3.33.0/checker-qual-3.33.0.jar:/Users/marklopezjr./.m2/repository/org/ow2/asm/asm/9.7/asm-9.7.jar:/Users/marklopezjr./.m2/repository/org/ow2/asm/asm-commons/9.7/asm-commons-9.7.jar:/Users/marklopezjr./.m2/repository/org/ow2/asm/asm-tree/9.7/asm-tree-9.7.jar:/Users/marklopezjr./.m2/repository/org/java-websocket/Java-WebSocket/1.5.5/Java-WebSocket-1.5.5.jar:"/>
    <property name="java.vm.vendor" value="Homebrew"/>
    <property name="sun.arch.data.model" value="64"/>
    <property name="java.vendor.url" value="https://github.com/Homebrew/homebrew-core/issues"/>
    <property name="os.name" value="Mac OS X"/>
    <property name="java.vm.specification.version" value="23"/>
    <property name="sun.java.launcher" value="SUN_STANDARD"/>
    <property name="user.country" value="US"/>
    <property name="sun.boot.library.path" value="/opt/homebrew/Cellar/openjdk/23/libexec/openjdk.jdk/Contents/Home/lib"/>
    <property name="sun.java.command" value="/Users/marklopezjr./Desktop/Projects/PYMCPlugin/target/surefire/surefirebooter-20241003193631632_3.jar /Users/marklopezjr./Desktop/Projects/PYMCPlugin/target/surefire 2024-10-03T19-36-31_538-jvmRun1 surefire-20241003193631632_1tmp surefire_0-20241003193631632_2tmp"/>
    <property name="http.nonProxyHosts" value="local|*.local|169.254/16|*.169.254/16"/>
    <property name="jdk.debug" value="release"/>
    <property name="surefire.test.class.path" value="/Users/marklopezjr./Desktop/Projects/PYMCPlugin/target/test-classes:/Users/marklopezjr./Desktop/Projects/PYMCPlugin/target/classes:/Users/marklopezjr./.m2/repository/junit/junit/4.12/junit-4.12.jar:/Users/marklopezjr./.m2/repository/org/hamcrest/hamcrest-core/1.3/hamcrest-core-1.3.jar:/Users/marklopezjr./.m2/repository/org/spigotmc/spigot-api/1.21.1-R0.1-SNAPSHOT/spigot-api-1.21.1-R0.1-SNAPSHOT.jar:/Users/marklopezjr./.m2/repository/com/google/guava/guava/32.1.2-jre/guava-32.1.2-jre.jar:/Users/marklopezjr./.m2/repository/com/google/guava/failureaccess/1.0.1/failureaccess-1.0.1.jar:/Users/marklopezjr./.m2/repository/com/google/guava/listenablefuture/9999.0-empty-to-avoid-conflict-with-guava/listenablefuture-9999.0-empty-to-avoid-conflict-with-guava.jar:/Users/marklopezjr./.m2/repository/com/google/code/findbugs/jsr305/3.0.2/jsr305-3.0.2.jar:/Users/marklopezjr./.m2/repository/com/google/errorprone/error_prone_annotations/2.18.0/error_prone_annotations-2.18.0.jar:/Users/marklopezjr./.m2/repository/com/google/j2objc/j2objc-annotations/2.8/j2objc-annotations-2.8.jar:/Users/marklopezjr./.m2/repository/com/google/code/gson/gson/2.10.1/gson-2.10.1.jar:/Users/marklopezjr./.m2/repository/org/joml/joml/1.10.5/joml-1.10.5.jar:/Users/marklopezjr./.m2/repository/net/md-5/bungeecord-chat/1.20-R0.2/bungeecord-chat-1.20-R0.2.jar:/Users/marklopezjr./.m2/repository/org/yaml/snakeyaml/2.2/snakeyaml-2.2.jar:/Users/marklopezjr./.m2/repository/io/papermc/paper/paper-api/1.21.1-R0.1-SNAPSHOT/paper-api-1.21.1-R0.1-SNAPSHOT.jar:/Users/marklopezjr./.m2/repository/com/mojang/brigadier/1.2.9/brigadier-1.2.9.jar:/Users/marklopezjr./.m2/repository/com/googlecode/json-simple/json-simple/1.1.1/json-simple-1.1.1.jar:/Users/marklopezjr./.m2/repository/it/unimi/dsi/fastutil/8.5.6/fastutil-8.5.6.jar:/Users/marklopezjr./.m2/repository/org/apache/logging/log4j/log4j-api/2.17.1/log4j-api-2.17.1.jar:/Users/marklopezjr./.m2/repository/org/slf4j/slf4j-api/2.0.9/slf4j-api-2.0.9.jar:/Users/marklopezjr./.m2/repository/org/apache/maven/maven-resolver-provider/3.9.6/maven-resolver-provider-3.9.6.jar:/Users/marklopezjr./.m2/repository/org/apache/maven/maven-model/3.9.6/maven-model-3.9.6.jar:/Users/marklopezjr./.m2/repository/org/apache/maven/maven-model-builder/3.9.6/maven-model-builder-3.9.6.jar:/Users/marklopezjr./.m2/repository/org/codehaus/plexus/plexus-interpolation/1.26/plexus-interpolation-1.26.jar:/Users/marklopezjr./.m2/repository/org/apache/maven/maven-artifact/3.9.6/maven-artifact-3.9.6.jar:/Users/marklopezjr./.m2/repository/org/apache/commons/commons-lang3/3.12.0/commons-lang3-3.12.0.jar:/Users/marklopezjr./.m2/repository/org/apache/maven/maven-builder-support/3.9.6/maven-builder-support-3.9.6.jar:/Users/marklopezjr./.m2/repository/org/eclipse/sisu/org.eclipse.sisu.inject/0.9.0.M2/org.eclipse.sisu.inject-0.9.0.M2.jar:/Users/marklopezjr./.m2/repository/org/apache/maven/maven-repository-metadata/3.9.6/maven-repository-metadata-3.9.6.jar:/Users/marklopezjr./.m2/repository/org/apache/maven/resolver/maven-resolver-api/1.9.18/maven-resolver-api-1.9.18.jar:/Users/marklopezjr./.m2/repository/org/apache/maven/resolver/maven-resolver-spi/1.9.18/maven-resolver-spi-1.9.18.jar:/Users/marklopezjr./.m2/repository/org/apache/maven/resolver/maven-resolver-util/1.9.18/maven-resolver-util-1.9.18.jar:/Users/marklopezjr./.m2/repository/org/apache/maven/resolver/maven-resolver-impl/1.9.18/maven-resolver-impl-1.9.18.jar:/Users/marklopezjr./.m2/repository/org/apache/maven/resolver/maven-resolver-named-locks/1.9.18/maven-resolver-named-locks-1.9.18.jar:/Users/marklopezjr./.m2/repository/org/codehaus/plexus/plexus-utils/3.5.1/plexus-utils-3.5.1.jar:/Users/marklopezjr./.m2/repository/javax/inject/javax.inject/1/javax.inject-1.jar:/Users/marklopezjr./.m2/repository/org/jspecify/jspecify/1.0.0/jspecify-1.0.0.jar:/Users/marklopezjr./.m2/repository/net/kyori/adventure-api/4.17.0/adventure-api-4.17.0.jar:/Users/marklopezjr./.m2/repository/net/kyori/adventure-key/4.17.0/adventure-key-4.17.0.jar:/Users/marklopezjr./.m2/repository/net/kyori/examination-api/1.3.0/examination-api-1.3.0.jar:/Users/marklopezjr./.m2/repository/net/kyori/examination-string/1.3.0/examination-string-1.3.0.jar:/Users/marklopezjr./.m2/repository/org/jetbrains/annotations/24.1.0/annotations-24.1.0.jar:/Users/marklopezjr./.m2/repository/net/kyori/adventure-text-minimessage/4.17.0/adventure-text-minimessage-4.17.0.jar:/Users/marklopezjr./.m2/repository/net/kyori/adventure-text-serializer-gson/4.17.0/adventure-text-serializer-gson-4.17.0.jar:/Users/marklopezjr./.m2/repository/net/kyori/adventure-text-serializer-json/4.17.0/adventure-text-serializer-json-4.17.0.jar:/Users/marklopezjr./.m2/repository/net/kyori/option/1.0.0/option-1.0.0.jar:/Users/marklopezjr./.m2/repository/com/google/auto/service/auto-service-annotations/1.1.1/auto-service-annotations-1.1.1.jar:/Users/marklopezjr./.m2/repository/net/kyori/adventure-text-serializer-legacy/4.17.0/adventure-text-serializer-legacy-4.17.0.jar:/Users/marklopezjr./.m2/repository/net/kyori/adventure-text-serializer-plain/4.17.0/adventure-text-serializer-plain-4.17.0.jar:/Users/marklopezjr./.m2/repository/net/kyori/adventure-text-logger-slf4j/4.17.0/adventure-text-logger-slf4j-4.17.0.jar:/Users/marklopezjr./.m2/repository/org/checkerframework/checker-qual/3.33.0/checker-qual-3.33.0.jar:/Users/marklopezjr./.m2/repository/org/ow2/asm/asm/9.7/asm-9.7.jar:/Users/marklopezjr./.m2/repository/org/ow2/asm/asm-commons/9.7/asm-commons-9.7.jar:/Users/marklopezjr./.m2/repository/org/ow2/asm/asm-tree/9.7/asm-tree-9.7.jar:/Users/marklopezjr./.m2/repository/org/java-websocket/Java-WebSocket/1.5.5/Java-WebSocket-1.5.5.jar:"/>
    <property name="sun.cpu.endian" value="little"/>
    <property name="user.home" value="/Users/marklopezjr."/>
    <property name="user.language" value="en"/>
    <property name="java.specification.vendor" value="Oracle Corporation"/>
    <property name="java.version.date" value="2024-09-17"/>
    <property name="java.home" value="/opt/homebrew/Cellar/openjdk/23/libexec/openjdk.jdk/Contents/Home"/>
    <property name="file.separator" value="/"/>
    <property name="basedir" value="/Users/marklopezjr./Desktop/Projects/PYMCPlugin"/>
    <property name="java.vm.compressedOopsMode" value="Zero based"/>
    <property name="line.separator" value="&#10;"/>
    <property name="java.vm.specification.vendor" value="Oracle Corporation"/>
    <property name="java.specification.name" value="Java Platform API Specification"/>
    <property name="apple.awt.application.name" value="ForkedBooter"/>
    <property name="surefire.real.class.path" value="/Users/marklopezjr./Desktop/Projects/PYMCPlugin/target/surefire/surefirebooter-20241003193631632_3.jar"/>
    <property name="sun.management.compiler" value="HotSpot 64-Bit Tiered Compilers"/>
    <property name="ftp.nonProxyHosts" value="local|*.local|169.254/16|*.169.254/16"/>
    <property name="java.runtime.version" value="23"/>
    <property name="user.name" value="marklopezjr."/>
    <property name="stdout.encoding" value="UTF-8"/>
    <property name="path.separator" value=":"/>
    <property name="os.version" value="15.0"/>
    <property name="java.runtime.name" value="OpenJDK Runtime Environment"/>
    <property name="file.encoding" value="UTF-8"/>
    <property name="java.vm.name" value="OpenJDK 64-Bit Server VM"/>
    <property name="java.vendor.version" value="Homebrew"/>
    <property name="localRepository" value="/Users/marklopezjr./.m2/repository"/>
    <property name="java.vendor.url.bug" value="https://github.com/Homebrew/homebrew-core/issues"/>
    <property name="java.io.tmpdir" value="/var/folders/40/1mt6w5g955bfqp7nv3h6_29r0000gn/T/"/>
    <property name="java.version" value="23"/>
    <property name="user.dir" value="/Users/marklopezjr./Desktop/Projects/PYMCPlugin"/>
    <property name="os.arch" value="aarch64"/>
    <property name="java.vm.specification.name" value="Java Virtual Machine Specification"/>
    <property name="native.encoding" value="UTF-8"/>
    <property name="java.library.path" value="/Users/marklopezjr./Library/Java/Extensions:/Library/Java/Extensions:/Network/Library/Java/Extensions:/System/Library/Java/Extensions:/usr/lib/java:."/>
    <property name="java.vm.info" value="mixed mode, sharing"/>
    <property name="stderr.encoding" value="UTF-8"/>
    <property name="java.vendor" value="Homebrew"/>
    <property name="java.vm.version" value="23"/>
    <property name="sun.io.unicode.encoding" value="UnicodeBig"/>
    <property name="socksNonProxyHosts" value="local|*.local|169.254/16|*.169.254/16"/>
    <property name="java.class.version" value="67.0"/>
  </properties>
  <testcase name="shouldAnswerWithTrue" classname="com.pymc.AppTest" time="0.006"/>
</testsuite>